<html>
<head>
<title>TestNG:  Run on hChrome</title>
<link href="../testng.css" rel="stylesheet" type="text/css" />
<link href="../my-testng.css" rel="stylesheet" type="text/css" />

<style type="text/css">
.log { display: none;} 
.stack-trace { display: none;} 
</style>
<script type="text/javascript">
<!--
function flip(e) {
  current = e.style.display;
  if (current == 'block') {
    e.style.display = 'none';
    return 0;
  }
  else {
    e.style.display = 'block';
    return 1;
  }
}

function toggleBox(szDivId, elem, msg1, msg2)
{
  var res = -1;  if (document.getElementById) {
    res = flip(document.getElementById(szDivId));
  }
  else if (document.all) {
    // this is the way old msie versions work
    res = flip(document.all[szDivId]);
  }
  if(elem) {
    if(res == 0) elem.innerHTML = msg1; else elem.innerHTML = msg2;
  }

}

function toggleAllBoxes() {
  if (document.getElementsByTagName) {
    d = document.getElementsByTagName('div');
    for (i = 0; i < d.length; i++) {
      if (d[i].className == 'log') {
        flip(d[i]);
      }
    }
  }
}

// -->
</script>

</head>
<body>
<h2 align='center'>Run on hChrome</h2><table border='1' align="center">
<tr>
<td>Tests passed/Failed/Skipped:</td><td>0/0/6</td>
</tr><tr>
<td>Started on:</td><td>Sun Apr 09 16:23:50 ICT 2023</td>
</tr>
<tr><td>Total time:</td><td>6 seconds (6902 ms)</td>
</tr><tr>
<td>Included groups:</td><td></td>
</tr><tr>
<td>Excluded groups:</td><td></td>
</tr>
</table><p/>
<small><i>(Hover the method name to see the test class name)</i></small><p/>
<table width='100%' border='1' class='invocation-failed'>
<tr><td colspan='4' align='center'><b>FAILED CONFIGURATIONS</b></td></tr>
<tr><td><b>Test method</b></td>
<td width="30%"><b>Exception</b></td>
<td width="10%"><b>Time (seconds)</b></td>
<td><b>Instance</b></td>
</tr>
<tr>
<td title='com.nopcommerce.user.Level_04_Run_On_Multi_Browser.beforeClass()'><b>beforeClass</b><br>Test class: com.nopcommerce.user.Level_04_Run_On_Multi_Browser<br>Parameters: h_chrome</td>
<td><div><pre>java.lang.RuntimeException: Locator type is not supported!
	at commons.BasePage.getByLocator(BasePage.java:221)
	at commons.BasePage.getWebElement(BasePage.java:226)
	at commons.BasePage.sendKeyToElement(BasePage.java:247)
	at pageObjects.nopCommerce.user.UserRegisterPageObject.inputToFirstnameTextbox(UserRegisterPageObject.java:60)
	at com.nopcommerce.user.Level_04_Run_On_Multi_Browser.beforeClass(Level_04_Run_On_Multi_Browser.java:47)
... Removed 26 stack frames</pre></div><a href='#' onClick='toggleBox("stack-trace74606989", this, "Click to show all stack frames", "Click to hide stack frames")'>Click to show all stack frames</a>
<div class='stack-trace' id='stack-trace74606989'><pre>java.lang.RuntimeException: Locator type is not supported!
	at commons.BasePage.getByLocator(BasePage.java:221)
	at commons.BasePage.getWebElement(BasePage.java:226)
	at commons.BasePage.sendKeyToElement(BasePage.java:247)
	at pageObjects.nopCommerce.user.UserRegisterPageObject.inputToFirstnameTextbox(UserRegisterPageObject.java:60)
	at com.nopcommerce.user.Level_04_Run_On_Multi_Browser.beforeClass(Level_04_Run_On_Multi_Browser.java:47)
	at java.base/jdk.internal.reflect.NativeMethodAccessorImpl.invoke0(Native Method)
	at java.base/jdk.internal.reflect.NativeMethodAccessorImpl.invoke(NativeMethodAccessorImpl.java:62)
	at java.base/jdk.internal.reflect.DelegatingMethodAccessorImpl.invoke(DelegatingMethodAccessorImpl.java:43)
	at java.base/java.lang.reflect.Method.invoke(Method.java:566)
	at org.testng.internal.MethodInvocationHelper.invokeMethod(MethodInvocationHelper.java:124)
	at org.testng.internal.MethodInvocationHelper.invokeMethodConsideringTimeout(MethodInvocationHelper.java:59)
	at org.testng.internal.Invoker.invokeConfigurationMethod(Invoker.java:458)
	at org.testng.internal.Invoker.invokeConfigurations(Invoker.java:222)
	at org.testng.internal.Invoker.invokeConfigurations(Invoker.java:142)
	at org.testng.internal.TestMethodWorker.invokeBeforeClassMethods(TestMethodWorker.java:168)
	at org.testng.internal.TestMethodWorker.run(TestMethodWorker.java:105)
	at org.testng.TestRunner.privateRun(TestRunner.java:648)
	at org.testng.TestRunner.run(TestRunner.java:505)
	at org.testng.SuiteRunner.runTest(SuiteRunner.java:455)
	at org.testng.SuiteRunner.runSequentially(SuiteRunner.java:450)
	at org.testng.SuiteRunner.privateRun(SuiteRunner.java:415)
	at org.testng.SuiteRunner.run(SuiteRunner.java:364)
	at org.testng.SuiteRunnerWorker.runSuite(SuiteRunnerWorker.java:52)
	at org.testng.SuiteRunnerWorker.run(SuiteRunnerWorker.java:84)
	at org.testng.TestNG.runSuitesSequentially(TestNG.java:1208)
	at org.testng.TestNG.runSuitesLocally(TestNG.java:1137)
	at org.testng.TestNG.runSuites(TestNG.java:1049)
	at org.testng.TestNG.run(TestNG.java:1017)
	at org.testng.remote.AbstractRemoteTestNG.run(AbstractRemoteTestNG.java:115)
	at org.testng.remote.RemoteTestNG.initAndRun(RemoteTestNG.java:251)
	at org.testng.remote.RemoteTestNG.main(RemoteTestNG.java:77)
</pre></div></td>
<td>6</td>
<td>com.nopcommerce.user.Level_04_Run_On_Multi_Browser@37f1104d</td></tr>
</table><p>
<table width='100%' border='1' class='invocation-skipped'>
<tr><td colspan='4' align='center'><b>SKIPPED CONFIGURATIONS</b></td></tr>
<tr><td><b>Test method</b></td>
<td width="30%"><b>Exception</b></td>
<td width="10%"><b>Time (seconds)</b></td>
<td><b>Instance</b></td>
</tr>
<tr>
<td title='com.nopcommerce.user.Level_04_Run_On_Multi_Browser.afterClass()'><b>afterClass</b><br>Test class: com.nopcommerce.user.Level_04_Run_On_Multi_Browser</td>
<td></td>
<td>0</td>
<td>com.nopcommerce.user.Level_04_Run_On_Multi_Browser@37f1104d</td></tr>
</table><p>
<table width='100%' border='1' class='invocation-skipped'>
<tr><td colspan='4' align='center'><b>SKIPPED TESTS</b></td></tr>
<tr><td><b>Test method</b></td>
<td width="30%"><b>Exception</b></td>
<td width="10%"><b>Time (seconds)</b></td>
<td><b>Instance</b></td>
</tr>
<tr>
<td title='com.nopcommerce.user.Level_04_Run_On_Multi_Browser.Login_01_Empty_Data()'><b>Login_01_Empty_Data</b><br>Test class: com.nopcommerce.user.Level_04_Run_On_Multi_Browser</td>
<td><div><pre>java.lang.RuntimeException: Locator type is not supported!
	at commons.BasePage.getByLocator(BasePage.java:221)
	at commons.BasePage.getWebElement(BasePage.java:226)
	at commons.BasePage.sendKeyToElement(BasePage.java:247)
	at pageObjects.nopCommerce.user.UserRegisterPageObject.inputToFirstnameTextbox(UserRegisterPageObject.java:60)
	at com.nopcommerce.user.Level_04_Run_On_Multi_Browser.beforeClass(Level_04_Run_On_Multi_Browser.java:47)
... Removed 26 stack frames</pre></div><a href='#' onClick='toggleBox("stack-trace1081159401", this, "Click to show all stack frames", "Click to hide stack frames")'>Click to show all stack frames</a>
<div class='stack-trace' id='stack-trace1081159401'><pre>java.lang.RuntimeException: Locator type is not supported!
	at commons.BasePage.getByLocator(BasePage.java:221)
	at commons.BasePage.getWebElement(BasePage.java:226)
	at commons.BasePage.sendKeyToElement(BasePage.java:247)
	at pageObjects.nopCommerce.user.UserRegisterPageObject.inputToFirstnameTextbox(UserRegisterPageObject.java:60)
	at com.nopcommerce.user.Level_04_Run_On_Multi_Browser.beforeClass(Level_04_Run_On_Multi_Browser.java:47)
	at java.base/jdk.internal.reflect.NativeMethodAccessorImpl.invoke0(Native Method)
	at java.base/jdk.internal.reflect.NativeMethodAccessorImpl.invoke(NativeMethodAccessorImpl.java:62)
	at java.base/jdk.internal.reflect.DelegatingMethodAccessorImpl.invoke(DelegatingMethodAccessorImpl.java:43)
	at java.base/java.lang.reflect.Method.invoke(Method.java:566)
	at org.testng.internal.MethodInvocationHelper.invokeMethod(MethodInvocationHelper.java:124)
	at org.testng.internal.MethodInvocationHelper.invokeMethodConsideringTimeout(MethodInvocationHelper.java:59)
	at org.testng.internal.Invoker.invokeConfigurationMethod(Invoker.java:458)
	at org.testng.internal.Invoker.invokeConfigurations(Invoker.java:222)
	at org.testng.internal.Invoker.invokeConfigurations(Invoker.java:142)
	at org.testng.internal.TestMethodWorker.invokeBeforeClassMethods(TestMethodWorker.java:168)
	at org.testng.internal.TestMethodWorker.run(TestMethodWorker.java:105)
	at org.testng.TestRunner.privateRun(TestRunner.java:648)
	at org.testng.TestRunner.run(TestRunner.java:505)
	at org.testng.SuiteRunner.runTest(SuiteRunner.java:455)
	at org.testng.SuiteRunner.runSequentially(SuiteRunner.java:450)
	at org.testng.SuiteRunner.privateRun(SuiteRunner.java:415)
	at org.testng.SuiteRunner.run(SuiteRunner.java:364)
	at org.testng.SuiteRunnerWorker.runSuite(SuiteRunnerWorker.java:52)
	at org.testng.SuiteRunnerWorker.run(SuiteRunnerWorker.java:84)
	at org.testng.TestNG.runSuitesSequentially(TestNG.java:1208)
	at org.testng.TestNG.runSuitesLocally(TestNG.java:1137)
	at org.testng.TestNG.runSuites(TestNG.java:1049)
	at org.testng.TestNG.run(TestNG.java:1017)
	at org.testng.remote.AbstractRemoteTestNG.run(AbstractRemoteTestNG.java:115)
	at org.testng.remote.RemoteTestNG.initAndRun(RemoteTestNG.java:251)
	at org.testng.remote.RemoteTestNG.main(RemoteTestNG.java:77)
</pre></div></td>
<td>0</td>
<td>com.nopcommerce.user.Level_04_Run_On_Multi_Browser@37f1104d</td></tr>
<tr>
<td title='com.nopcommerce.user.Level_04_Run_On_Multi_Browser.Login_02_Invalid_Email()'><b>Login_02_Invalid_Email</b><br>Test class: com.nopcommerce.user.Level_04_Run_On_Multi_Browser</td>
<td><div><pre>java.lang.RuntimeException: Locator type is not supported!
	at commons.BasePage.getByLocator(BasePage.java:221)
	at commons.BasePage.getWebElement(BasePage.java:226)
	at commons.BasePage.sendKeyToElement(BasePage.java:247)
	at pageObjects.nopCommerce.user.UserRegisterPageObject.inputToFirstnameTextbox(UserRegisterPageObject.java:60)
	at com.nopcommerce.user.Level_04_Run_On_Multi_Browser.beforeClass(Level_04_Run_On_Multi_Browser.java:47)
... Removed 26 stack frames</pre></div><a href='#' onClick='toggleBox("stack-trace777236628", this, "Click to show all stack frames", "Click to hide stack frames")'>Click to show all stack frames</a>
<div class='stack-trace' id='stack-trace777236628'><pre>java.lang.RuntimeException: Locator type is not supported!
	at commons.BasePage.getByLocator(BasePage.java:221)
	at commons.BasePage.getWebElement(BasePage.java:226)
	at commons.BasePage.sendKeyToElement(BasePage.java:247)
	at pageObjects.nopCommerce.user.UserRegisterPageObject.inputToFirstnameTextbox(UserRegisterPageObject.java:60)
	at com.nopcommerce.user.Level_04_Run_On_Multi_Browser.beforeClass(Level_04_Run_On_Multi_Browser.java:47)
	at java.base/jdk.internal.reflect.NativeMethodAccessorImpl.invoke0(Native Method)
	at java.base/jdk.internal.reflect.NativeMethodAccessorImpl.invoke(NativeMethodAccessorImpl.java:62)
	at java.base/jdk.internal.reflect.DelegatingMethodAccessorImpl.invoke(DelegatingMethodAccessorImpl.java:43)
	at java.base/java.lang.reflect.Method.invoke(Method.java:566)
	at org.testng.internal.MethodInvocationHelper.invokeMethod(MethodInvocationHelper.java:124)
	at org.testng.internal.MethodInvocationHelper.invokeMethodConsideringTimeout(MethodInvocationHelper.java:59)
	at org.testng.internal.Invoker.invokeConfigurationMethod(Invoker.java:458)
	at org.testng.internal.Invoker.invokeConfigurations(Invoker.java:222)
	at org.testng.internal.Invoker.invokeConfigurations(Invoker.java:142)
	at org.testng.internal.TestMethodWorker.invokeBeforeClassMethods(TestMethodWorker.java:168)
	at org.testng.internal.TestMethodWorker.run(TestMethodWorker.java:105)
	at org.testng.TestRunner.privateRun(TestRunner.java:648)
	at org.testng.TestRunner.run(TestRunner.java:505)
	at org.testng.SuiteRunner.runTest(SuiteRunner.java:455)
	at org.testng.SuiteRunner.runSequentially(SuiteRunner.java:450)
	at org.testng.SuiteRunner.privateRun(SuiteRunner.java:415)
	at org.testng.SuiteRunner.run(SuiteRunner.java:364)
	at org.testng.SuiteRunnerWorker.runSuite(SuiteRunnerWorker.java:52)
	at org.testng.SuiteRunnerWorker.run(SuiteRunnerWorker.java:84)
	at org.testng.TestNG.runSuitesSequentially(TestNG.java:1208)
	at org.testng.TestNG.runSuitesLocally(TestNG.java:1137)
	at org.testng.TestNG.runSuites(TestNG.java:1049)
	at org.testng.TestNG.run(TestNG.java:1017)
	at org.testng.remote.AbstractRemoteTestNG.run(AbstractRemoteTestNG.java:115)
	at org.testng.remote.RemoteTestNG.initAndRun(RemoteTestNG.java:251)
	at org.testng.remote.RemoteTestNG.main(RemoteTestNG.java:77)
</pre></div></td>
<td>0</td>
<td>com.nopcommerce.user.Level_04_Run_On_Multi_Browser@37f1104d</td></tr>
<tr>
<td title='com.nopcommerce.user.Level_04_Run_On_Multi_Browser.TC_03_Login_Unregisted_Email()'><b>TC_03_Login_Unregisted_Email</b><br>Test class: com.nopcommerce.user.Level_04_Run_On_Multi_Browser</td>
<td><div><pre>java.lang.RuntimeException: Locator type is not supported!
	at commons.BasePage.getByLocator(BasePage.java:221)
	at commons.BasePage.getWebElement(BasePage.java:226)
	at commons.BasePage.sendKeyToElement(BasePage.java:247)
	at pageObjects.nopCommerce.user.UserRegisterPageObject.inputToFirstnameTextbox(UserRegisterPageObject.java:60)
	at com.nopcommerce.user.Level_04_Run_On_Multi_Browser.beforeClass(Level_04_Run_On_Multi_Browser.java:47)
... Removed 26 stack frames</pre></div><a href='#' onClick='toggleBox("stack-trace972720850", this, "Click to show all stack frames", "Click to hide stack frames")'>Click to show all stack frames</a>
<div class='stack-trace' id='stack-trace972720850'><pre>java.lang.RuntimeException: Locator type is not supported!
	at commons.BasePage.getByLocator(BasePage.java:221)
	at commons.BasePage.getWebElement(BasePage.java:226)
	at commons.BasePage.sendKeyToElement(BasePage.java:247)
	at pageObjects.nopCommerce.user.UserRegisterPageObject.inputToFirstnameTextbox(UserRegisterPageObject.java:60)
	at com.nopcommerce.user.Level_04_Run_On_Multi_Browser.beforeClass(Level_04_Run_On_Multi_Browser.java:47)
	at java.base/jdk.internal.reflect.NativeMethodAccessorImpl.invoke0(Native Method)
	at java.base/jdk.internal.reflect.NativeMethodAccessorImpl.invoke(NativeMethodAccessorImpl.java:62)
	at java.base/jdk.internal.reflect.DelegatingMethodAccessorImpl.invoke(DelegatingMethodAccessorImpl.java:43)
	at java.base/java.lang.reflect.Method.invoke(Method.java:566)
	at org.testng.internal.MethodInvocationHelper.invokeMethod(MethodInvocationHelper.java:124)
	at org.testng.internal.MethodInvocationHelper.invokeMethodConsideringTimeout(MethodInvocationHelper.java:59)
	at org.testng.internal.Invoker.invokeConfigurationMethod(Invoker.java:458)
	at org.testng.internal.Invoker.invokeConfigurations(Invoker.java:222)
	at org.testng.internal.Invoker.invokeConfigurations(Invoker.java:142)
	at org.testng.internal.TestMethodWorker.invokeBeforeClassMethods(TestMethodWorker.java:168)
	at org.testng.internal.TestMethodWorker.run(TestMethodWorker.java:105)
	at org.testng.TestRunner.privateRun(TestRunner.java:648)
	at org.testng.TestRunner.run(TestRunner.java:505)
	at org.testng.SuiteRunner.runTest(SuiteRunner.java:455)
	at org.testng.SuiteRunner.runSequentially(SuiteRunner.java:450)
	at org.testng.SuiteRunner.privateRun(SuiteRunner.java:415)
	at org.testng.SuiteRunner.run(SuiteRunner.java:364)
	at org.testng.SuiteRunnerWorker.runSuite(SuiteRunnerWorker.java:52)
	at org.testng.SuiteRunnerWorker.run(SuiteRunnerWorker.java:84)
	at org.testng.TestNG.runSuitesSequentially(TestNG.java:1208)
	at org.testng.TestNG.runSuitesLocally(TestNG.java:1137)
	at org.testng.TestNG.runSuites(TestNG.java:1049)
	at org.testng.TestNG.run(TestNG.java:1017)
	at org.testng.remote.AbstractRemoteTestNG.run(AbstractRemoteTestNG.java:115)
	at org.testng.remote.RemoteTestNG.initAndRun(RemoteTestNG.java:251)
	at org.testng.remote.RemoteTestNG.main(RemoteTestNG.java:77)
</pre></div></td>
<td>0</td>
<td>com.nopcommerce.user.Level_04_Run_On_Multi_Browser@37f1104d</td></tr>
<tr>
<td title='com.nopcommerce.user.Level_04_Run_On_Multi_Browser.TC_04_Login_Registerd_Email_Empty_Password()'><b>TC_04_Login_Registerd_Email_Empty_Password</b><br>Test class: com.nopcommerce.user.Level_04_Run_On_Multi_Browser</td>
<td><div><pre>java.lang.RuntimeException: Locator type is not supported!
	at commons.BasePage.getByLocator(BasePage.java:221)
	at commons.BasePage.getWebElement(BasePage.java:226)
	at commons.BasePage.sendKeyToElement(BasePage.java:247)
	at pageObjects.nopCommerce.user.UserRegisterPageObject.inputToFirstnameTextbox(UserRegisterPageObject.java:60)
	at com.nopcommerce.user.Level_04_Run_On_Multi_Browser.beforeClass(Level_04_Run_On_Multi_Browser.java:47)
... Removed 26 stack frames</pre></div><a href='#' onClick='toggleBox("stack-trace1994249754", this, "Click to show all stack frames", "Click to hide stack frames")'>Click to show all stack frames</a>
<div class='stack-trace' id='stack-trace1994249754'><pre>java.lang.RuntimeException: Locator type is not supported!
	at commons.BasePage.getByLocator(BasePage.java:221)
	at commons.BasePage.getWebElement(BasePage.java:226)
	at commons.BasePage.sendKeyToElement(BasePage.java:247)
	at pageObjects.nopCommerce.user.UserRegisterPageObject.inputToFirstnameTextbox(UserRegisterPageObject.java:60)
	at com.nopcommerce.user.Level_04_Run_On_Multi_Browser.beforeClass(Level_04_Run_On_Multi_Browser.java:47)
	at java.base/jdk.internal.reflect.NativeMethodAccessorImpl.invoke0(Native Method)
	at java.base/jdk.internal.reflect.NativeMethodAccessorImpl.invoke(NativeMethodAccessorImpl.java:62)
	at java.base/jdk.internal.reflect.DelegatingMethodAccessorImpl.invoke(DelegatingMethodAccessorImpl.java:43)
	at java.base/java.lang.reflect.Method.invoke(Method.java:566)
	at org.testng.internal.MethodInvocationHelper.invokeMethod(MethodInvocationHelper.java:124)
	at org.testng.internal.MethodInvocationHelper.invokeMethodConsideringTimeout(MethodInvocationHelper.java:59)
	at org.testng.internal.Invoker.invokeConfigurationMethod(Invoker.java:458)
	at org.testng.internal.Invoker.invokeConfigurations(Invoker.java:222)
	at org.testng.internal.Invoker.invokeConfigurations(Invoker.java:142)
	at org.testng.internal.TestMethodWorker.invokeBeforeClassMethods(TestMethodWorker.java:168)
	at org.testng.internal.TestMethodWorker.run(TestMethodWorker.java:105)
	at org.testng.TestRunner.privateRun(TestRunner.java:648)
	at org.testng.TestRunner.run(TestRunner.java:505)
	at org.testng.SuiteRunner.runTest(SuiteRunner.java:455)
	at org.testng.SuiteRunner.runSequentially(SuiteRunner.java:450)
	at org.testng.SuiteRunner.privateRun(SuiteRunner.java:415)
	at org.testng.SuiteRunner.run(SuiteRunner.java:364)
	at org.testng.SuiteRunnerWorker.runSuite(SuiteRunnerWorker.java:52)
	at org.testng.SuiteRunnerWorker.run(SuiteRunnerWorker.java:84)
	at org.testng.TestNG.runSuitesSequentially(TestNG.java:1208)
	at org.testng.TestNG.runSuitesLocally(TestNG.java:1137)
	at org.testng.TestNG.runSuites(TestNG.java:1049)
	at org.testng.TestNG.run(TestNG.java:1017)
	at org.testng.remote.AbstractRemoteTestNG.run(AbstractRemoteTestNG.java:115)
	at org.testng.remote.RemoteTestNG.initAndRun(RemoteTestNG.java:251)
	at org.testng.remote.RemoteTestNG.main(RemoteTestNG.java:77)
</pre></div></td>
<td>0</td>
<td>com.nopcommerce.user.Level_04_Run_On_Multi_Browser@37f1104d</td></tr>
<tr>
<td title='com.nopcommerce.user.Level_04_Run_On_Multi_Browser.TC_05_Login_Registerd_Email_Incorrected_Password()'><b>TC_05_Login_Registerd_Email_Incorrected_Password</b><br>Test class: com.nopcommerce.user.Level_04_Run_On_Multi_Browser</td>
<td><div><pre>java.lang.RuntimeException: Locator type is not supported!
	at commons.BasePage.getByLocator(BasePage.java:221)
	at commons.BasePage.getWebElement(BasePage.java:226)
	at commons.BasePage.sendKeyToElement(BasePage.java:247)
	at pageObjects.nopCommerce.user.UserRegisterPageObject.inputToFirstnameTextbox(UserRegisterPageObject.java:60)
	at com.nopcommerce.user.Level_04_Run_On_Multi_Browser.beforeClass(Level_04_Run_On_Multi_Browser.java:47)
... Removed 26 stack frames</pre></div><a href='#' onClick='toggleBox("stack-trace1066575950", this, "Click to show all stack frames", "Click to hide stack frames")'>Click to show all stack frames</a>
<div class='stack-trace' id='stack-trace1066575950'><pre>java.lang.RuntimeException: Locator type is not supported!
	at commons.BasePage.getByLocator(BasePage.java:221)
	at commons.BasePage.getWebElement(BasePage.java:226)
	at commons.BasePage.sendKeyToElement(BasePage.java:247)
	at pageObjects.nopCommerce.user.UserRegisterPageObject.inputToFirstnameTextbox(UserRegisterPageObject.java:60)
	at com.nopcommerce.user.Level_04_Run_On_Multi_Browser.beforeClass(Level_04_Run_On_Multi_Browser.java:47)
	at java.base/jdk.internal.reflect.NativeMethodAccessorImpl.invoke0(Native Method)
	at java.base/jdk.internal.reflect.NativeMethodAccessorImpl.invoke(NativeMethodAccessorImpl.java:62)
	at java.base/jdk.internal.reflect.DelegatingMethodAccessorImpl.invoke(DelegatingMethodAccessorImpl.java:43)
	at java.base/java.lang.reflect.Method.invoke(Method.java:566)
	at org.testng.internal.MethodInvocationHelper.invokeMethod(MethodInvocationHelper.java:124)
	at org.testng.internal.MethodInvocationHelper.invokeMethodConsideringTimeout(MethodInvocationHelper.java:59)
	at org.testng.internal.Invoker.invokeConfigurationMethod(Invoker.java:458)
	at org.testng.internal.Invoker.invokeConfigurations(Invoker.java:222)
	at org.testng.internal.Invoker.invokeConfigurations(Invoker.java:142)
	at org.testng.internal.TestMethodWorker.invokeBeforeClassMethods(TestMethodWorker.java:168)
	at org.testng.internal.TestMethodWorker.run(TestMethodWorker.java:105)
	at org.testng.TestRunner.privateRun(TestRunner.java:648)
	at org.testng.TestRunner.run(TestRunner.java:505)
	at org.testng.SuiteRunner.runTest(SuiteRunner.java:455)
	at org.testng.SuiteRunner.runSequentially(SuiteRunner.java:450)
	at org.testng.SuiteRunner.privateRun(SuiteRunner.java:415)
	at org.testng.SuiteRunner.run(SuiteRunner.java:364)
	at org.testng.SuiteRunnerWorker.runSuite(SuiteRunnerWorker.java:52)
	at org.testng.SuiteRunnerWorker.run(SuiteRunnerWorker.java:84)
	at org.testng.TestNG.runSuitesSequentially(TestNG.java:1208)
	at org.testng.TestNG.runSuitesLocally(TestNG.java:1137)
	at org.testng.TestNG.runSuites(TestNG.java:1049)
	at org.testng.TestNG.run(TestNG.java:1017)
	at org.testng.remote.AbstractRemoteTestNG.run(AbstractRemoteTestNG.java:115)
	at org.testng.remote.RemoteTestNG.initAndRun(RemoteTestNG.java:251)
	at org.testng.remote.RemoteTestNG.main(RemoteTestNG.java:77)
</pre></div></td>
<td>0</td>
<td>com.nopcommerce.user.Level_04_Run_On_Multi_Browser@37f1104d</td></tr>
<tr>
<td title='com.nopcommerce.user.Level_04_Run_On_Multi_Browser.TC_06_Login_Success()'><b>TC_06_Login_Success</b><br>Test class: com.nopcommerce.user.Level_04_Run_On_Multi_Browser</td>
<td><div><pre>java.lang.RuntimeException: Locator type is not supported!
	at commons.BasePage.getByLocator(BasePage.java:221)
	at commons.BasePage.getWebElement(BasePage.java:226)
	at commons.BasePage.sendKeyToElement(BasePage.java:247)
	at pageObjects.nopCommerce.user.UserRegisterPageObject.inputToFirstnameTextbox(UserRegisterPageObject.java:60)
	at com.nopcommerce.user.Level_04_Run_On_Multi_Browser.beforeClass(Level_04_Run_On_Multi_Browser.java:47)
... Removed 26 stack frames</pre></div><a href='#' onClick='toggleBox("stack-trace217479224", this, "Click to show all stack frames", "Click to hide stack frames")'>Click to show all stack frames</a>
<div class='stack-trace' id='stack-trace217479224'><pre>java.lang.RuntimeException: Locator type is not supported!
	at commons.BasePage.getByLocator(BasePage.java:221)
	at commons.BasePage.getWebElement(BasePage.java:226)
	at commons.BasePage.sendKeyToElement(BasePage.java:247)
	at pageObjects.nopCommerce.user.UserRegisterPageObject.inputToFirstnameTextbox(UserRegisterPageObject.java:60)
	at com.nopcommerce.user.Level_04_Run_On_Multi_Browser.beforeClass(Level_04_Run_On_Multi_Browser.java:47)
	at java.base/jdk.internal.reflect.NativeMethodAccessorImpl.invoke0(Native Method)
	at java.base/jdk.internal.reflect.NativeMethodAccessorImpl.invoke(NativeMethodAccessorImpl.java:62)
	at java.base/jdk.internal.reflect.DelegatingMethodAccessorImpl.invoke(DelegatingMethodAccessorImpl.java:43)
	at java.base/java.lang.reflect.Method.invoke(Method.java:566)
	at org.testng.internal.MethodInvocationHelper.invokeMethod(MethodInvocationHelper.java:124)
	at org.testng.internal.MethodInvocationHelper.invokeMethodConsideringTimeout(MethodInvocationHelper.java:59)
	at org.testng.internal.Invoker.invokeConfigurationMethod(Invoker.java:458)
	at org.testng.internal.Invoker.invokeConfigurations(Invoker.java:222)
	at org.testng.internal.Invoker.invokeConfigurations(Invoker.java:142)
	at org.testng.internal.TestMethodWorker.invokeBeforeClassMethods(TestMethodWorker.java:168)
	at org.testng.internal.TestMethodWorker.run(TestMethodWorker.java:105)
	at org.testng.TestRunner.privateRun(TestRunner.java:648)
	at org.testng.TestRunner.run(TestRunner.java:505)
	at org.testng.SuiteRunner.runTest(SuiteRunner.java:455)
	at org.testng.SuiteRunner.runSequentially(SuiteRunner.java:450)
	at org.testng.SuiteRunner.privateRun(SuiteRunner.java:415)
	at org.testng.SuiteRunner.run(SuiteRunner.java:364)
	at org.testng.SuiteRunnerWorker.runSuite(SuiteRunnerWorker.java:52)
	at org.testng.SuiteRunnerWorker.run(SuiteRunnerWorker.java:84)
	at org.testng.TestNG.runSuitesSequentially(TestNG.java:1208)
	at org.testng.TestNG.runSuitesLocally(TestNG.java:1137)
	at org.testng.TestNG.runSuites(TestNG.java:1049)
	at org.testng.TestNG.run(TestNG.java:1017)
	at org.testng.remote.AbstractRemoteTestNG.run(AbstractRemoteTestNG.java:115)
	at org.testng.remote.RemoteTestNG.initAndRun(RemoteTestNG.java:251)
	at org.testng.remote.RemoteTestNG.main(RemoteTestNG.java:77)
</pre></div></td>
<td>0</td>
<td>com.nopcommerce.user.Level_04_Run_On_Multi_Browser@37f1104d</td></tr>
</table><p>
</body>
</html>