<?xml version="1.0" encoding="UTF-8"?>
<!-- Generated by org.testng.reporters.JUnitReportReporter -->
<testsuite hostname="NV_YENTT" failures="0" tests="21" name="com.nopcommerce.user.Level_04_Run_On_Multi_Browser" time="27.188" errors="3" timestamp="09 Apr 2023 09:23:57 GMT" skipped="18">
  <testcase classname="com.nopcommerce.user.Level_04_Run_On_Multi_Browser" name="TC_03_Login_Unregisted_Email" time="0.000">
    <skipped/>
  </testcase> <!-- TC_03_Login_Unregisted_Email -->
  <testcase classname="com.nopcommerce.user.Level_04_Run_On_Multi_Browser" name="TC_06_Login_Success" time="0.000">
    <skipped/>
  </testcase> <!-- TC_06_Login_Success -->
  <testcase classname="com.nopcommerce.user.Level_04_Run_On_Multi_Browser" name="TC_06_Login_Success" time="0.000">
    <skipped/>
  </testcase> <!-- TC_06_Login_Success -->
  <testcase classname="com.nopcommerce.user.Level_04_Run_On_Multi_Browser" name="Login_02_Invalid_Email" time="0.000">
    <skipped/>
  </testcase> <!-- Login_02_Invalid_Email -->
  <testcase classname="com.nopcommerce.user.Level_04_Run_On_Multi_Browser" name="TC_04_Login_Registerd_Email_Empty_Password" time="0.000">
    <skipped/>
  </testcase> <!-- TC_04_Login_Registerd_Email_Empty_Password -->
  <testcase classname="com.nopcommerce.user.Level_04_Run_On_Multi_Browser" name="Login_01_Empty_Data" time="0.000">
    <skipped/>
  </testcase> <!-- Login_01_Empty_Data -->
  <testcase classname="com.nopcommerce.user.Level_04_Run_On_Multi_Browser" name="TC_04_Login_Registerd_Email_Empty_Password" time="0.000">
    <skipped/>
  </testcase> <!-- TC_04_Login_Registerd_Email_Empty_Password -->
  <testcase classname="com.nopcommerce.user.Level_04_Run_On_Multi_Browser" name="TC_04_Login_Registerd_Email_Empty_Password" time="0.000">
    <skipped/>
  </testcase> <!-- TC_04_Login_Registerd_Email_Empty_Password -->
  <testcase classname="com.nopcommerce.user.Level_04_Run_On_Multi_Browser" name="TC_03_Login_Unregisted_Email" time="0.000">
    <skipped/>
  </testcase> <!-- TC_03_Login_Unregisted_Email -->
  <testcase classname="com.nopcommerce.user.Level_04_Run_On_Multi_Browser" name="Login_02_Invalid_Email" time="0.000">
    <skipped/>
  </testcase> <!-- Login_02_Invalid_Email -->
  <testcase classname="com.nopcommerce.user.Level_04_Run_On_Multi_Browser" name="TC_05_Login_Registerd_Email_Incorrected_Password" time="0.000">
    <skipped/>
  </testcase> <!-- TC_05_Login_Registerd_Email_Incorrected_Password -->
  <testcase classname="com.nopcommerce.user.Level_04_Run_On_Multi_Browser" name="beforeClass" time="13.405">
    <error message="Locator type is not supported!" type="java.lang.RuntimeException">
      <![CDATA[java.lang.RuntimeException: Locator type is not supported!
at commons.BasePage.getByLocator(BasePage.java:221)
at commons.BasePage.getWebElement(BasePage.java:226)
at commons.BasePage.sendKeyToElement(BasePage.java:247)
at pageObjects.nopCommerce.user.UserRegisterPageObject.inputToFirstnameTextbox(UserRegisterPageObject.java:60)
at com.nopcommerce.user.Level_04_Run_On_Multi_Browser.beforeClass(Level_04_Run_On_Multi_Browser.java:47)
at java.base/jdk.internal.reflect.NativeMethodAccessorImpl.invoke0(Native Method)
at java.base/jdk.internal.reflect.NativeMethodAccessorImpl.invoke(NativeMethodAccessorImpl.java:62)
at java.base/jdk.internal.reflect.DelegatingMethodAccessorImpl.invoke(DelegatingMethodAccessorImpl.java:43)
at java.base/java.lang.reflect.Method.invoke(Method.java:566)
at org.testng.internal.MethodInvocationHelper.invokeMethod(MethodInvocationHelper.java:124)
at org.testng.internal.MethodInvocationHelper.invokeMethodConsideringTimeout(MethodInvocationHelper.java:59)
at org.testng.internal.Invoker.invokeConfigurationMethod(Invoker.java:458)
at org.testng.internal.Invoker.invokeConfigurations(Invoker.java:222)
at org.testng.internal.Invoker.invokeConfigurations(Invoker.java:142)
at org.testng.internal.TestMethodWorker.invokeBeforeClassMethods(TestMethodWorker.java:168)
at org.testng.internal.TestMethodWorker.run(TestMethodWorker.java:105)
at org.testng.TestRunner.privateRun(TestRunner.java:648)
at org.testng.TestRunner.run(TestRunner.java:505)
at org.testng.SuiteRunner.runTest(SuiteRunner.java:455)
at org.testng.SuiteRunner.runSequentially(SuiteRunner.java:450)
at org.testng.SuiteRunner.privateRun(SuiteRunner.java:415)
at org.testng.SuiteRunner.run(SuiteRunner.java:364)
at org.testng.SuiteRunnerWorker.runSuite(SuiteRunnerWorker.java:52)
at org.testng.SuiteRunnerWorker.run(SuiteRunnerWorker.java:84)
at org.testng.TestNG.runSuitesSequentially(TestNG.java:1208)
at org.testng.TestNG.runSuitesLocally(TestNG.java:1137)
at org.testng.TestNG.runSuites(TestNG.java:1049)
at org.testng.TestNG.run(TestNG.java:1017)
at org.testng.remote.AbstractRemoteTestNG.run(AbstractRemoteTestNG.java:115)
at org.testng.remote.RemoteTestNG.initAndRun(RemoteTestNG.java:251)
at org.testng.remote.RemoteTestNG.main(RemoteTestNG.java:77)
]]>
    </error>
  </testcase> <!-- beforeClass -->
  <testcase classname="com.nopcommerce.user.Level_04_Run_On_Multi_Browser" name="TC_06_Login_Success" time="0.000">
    <skipped/>
  </testcase> <!-- TC_06_Login_Success -->
  <testcase classname="com.nopcommerce.user.Level_04_Run_On_Multi_Browser" name="TC_03_Login_Unregisted_Email" time="0.000">
    <skipped/>
  </testcase> <!-- TC_03_Login_Unregisted_Email -->
  <testcase classname="com.nopcommerce.user.Level_04_Run_On_Multi_Browser" name="beforeClass" time="6.907">
    <error message="Locator type is not supported!" type="java.lang.RuntimeException">
      <![CDATA[java.lang.RuntimeException: Locator type is not supported!
at commons.BasePage.getByLocator(BasePage.java:221)
at commons.BasePage.getWebElement(BasePage.java:226)
at commons.BasePage.sendKeyToElement(BasePage.java:247)
at pageObjects.nopCommerce.user.UserRegisterPageObject.inputToFirstnameTextbox(UserRegisterPageObject.java:60)
at com.nopcommerce.user.Level_04_Run_On_Multi_Browser.beforeClass(Level_04_Run_On_Multi_Browser.java:47)
at java.base/jdk.internal.reflect.NativeMethodAccessorImpl.invoke0(Native Method)
at java.base/jdk.internal.reflect.NativeMethodAccessorImpl.invoke(NativeMethodAccessorImpl.java:62)
at java.base/jdk.internal.reflect.DelegatingMethodAccessorImpl.invoke(DelegatingMethodAccessorImpl.java:43)
at java.base/java.lang.reflect.Method.invoke(Method.java:566)
at org.testng.internal.MethodInvocationHelper.invokeMethod(MethodInvocationHelper.java:124)
at org.testng.internal.MethodInvocationHelper.invokeMethodConsideringTimeout(MethodInvocationHelper.java:59)
at org.testng.internal.Invoker.invokeConfigurationMethod(Invoker.java:458)
at org.testng.internal.Invoker.invokeConfigurations(Invoker.java:222)
at org.testng.internal.Invoker.invokeConfigurations(Invoker.java:142)
at org.testng.internal.TestMethodWorker.invokeBeforeClassMethods(TestMethodWorker.java:168)
at org.testng.internal.TestMethodWorker.run(TestMethodWorker.java:105)
at org.testng.TestRunner.privateRun(TestRunner.java:648)
at org.testng.TestRunner.run(TestRunner.java:505)
at org.testng.SuiteRunner.runTest(SuiteRunner.java:455)
at org.testng.SuiteRunner.runSequentially(SuiteRunner.java:450)
at org.testng.SuiteRunner.privateRun(SuiteRunner.java:415)
at org.testng.SuiteRunner.run(SuiteRunner.java:364)
at org.testng.SuiteRunnerWorker.runSuite(SuiteRunnerWorker.java:52)
at org.testng.SuiteRunnerWorker.run(SuiteRunnerWorker.java:84)
at org.testng.TestNG.runSuitesSequentially(TestNG.java:1208)
at org.testng.TestNG.runSuitesLocally(TestNG.java:1137)
at org.testng.TestNG.runSuites(TestNG.java:1049)
at org.testng.TestNG.run(TestNG.java:1017)
at org.testng.remote.AbstractRemoteTestNG.run(AbstractRemoteTestNG.java:115)
at org.testng.remote.RemoteTestNG.initAndRun(RemoteTestNG.java:251)
at org.testng.remote.RemoteTestNG.main(RemoteTestNG.java:77)
]]>
    </error>
  </testcase> <!-- beforeClass -->
  <testcase classname="com.nopcommerce.user.Level_04_Run_On_Multi_Browser" name="Login_01_Empty_Data" time="0.000">
    <skipped/>
  </testcase> <!-- Login_01_Empty_Data -->
  <testcase classname="com.nopcommerce.user.Level_04_Run_On_Multi_Browser" name="Login_02_Invalid_Email" time="0.000">
    <skipped/>
  </testcase> <!-- Login_02_Invalid_Email -->
  <testcase classname="com.nopcommerce.user.Level_04_Run_On_Multi_Browser" name="TC_05_Login_Registerd_Email_Incorrected_Password" time="0.000">
    <skipped/>
  </testcase> <!-- TC_05_Login_Registerd_Email_Incorrected_Password -->
  <testcase classname="com.nopcommerce.user.Level_04_Run_On_Multi_Browser" name="TC_05_Login_Registerd_Email_Incorrected_Password" time="0.000">
    <skipped/>
  </testcase> <!-- TC_05_Login_Registerd_Email_Incorrected_Password -->
  <testcase classname="com.nopcommerce.user.Level_04_Run_On_Multi_Browser" name="Login_01_Empty_Data" time="0.000">
    <skipped/>
  </testcase> <!-- Login_01_Empty_Data -->
  <testcase classname="com.nopcommerce.user.Level_04_Run_On_Multi_Browser" name="beforeClass" time="6.876">
    <error message="Locator type is not supported!" type="java.lang.RuntimeException">
      <![CDATA[java.lang.RuntimeException: Locator type is not supported!
at commons.BasePage.getByLocator(BasePage.java:221)
at commons.BasePage.getWebElement(BasePage.java:226)
at commons.BasePage.sendKeyToElement(BasePage.java:247)
at pageObjects.nopCommerce.user.UserRegisterPageObject.inputToFirstnameTextbox(UserRegisterPageObject.java:60)
at com.nopcommerce.user.Level_04_Run_On_Multi_Browser.beforeClass(Level_04_Run_On_Multi_Browser.java:47)
at java.base/jdk.internal.reflect.NativeMethodAccessorImpl.invoke0(Native Method)
at java.base/jdk.internal.reflect.NativeMethodAccessorImpl.invoke(NativeMethodAccessorImpl.java:62)
at java.base/jdk.internal.reflect.DelegatingMethodAccessorImpl.invoke(DelegatingMethodAccessorImpl.java:43)
at java.base/java.lang.reflect.Method.invoke(Method.java:566)
at org.testng.internal.MethodInvocationHelper.invokeMethod(MethodInvocationHelper.java:124)
at org.testng.internal.MethodInvocationHelper.invokeMethodConsideringTimeout(MethodInvocationHelper.java:59)
at org.testng.internal.Invoker.invokeConfigurationMethod(Invoker.java:458)
at org.testng.internal.Invoker.invokeConfigurations(Invoker.java:222)
at org.testng.internal.Invoker.invokeConfigurations(Invoker.java:142)
at org.testng.internal.TestMethodWorker.invokeBeforeClassMethods(TestMethodWorker.java:168)
at org.testng.internal.TestMethodWorker.run(TestMethodWorker.java:105)
at org.testng.TestRunner.privateRun(TestRunner.java:648)
at org.testng.TestRunner.run(TestRunner.java:505)
at org.testng.SuiteRunner.runTest(SuiteRunner.java:455)
at org.testng.SuiteRunner.runSequentially(SuiteRunner.java:450)
at org.testng.SuiteRunner.privateRun(SuiteRunner.java:415)
at org.testng.SuiteRunner.run(SuiteRunner.java:364)
at org.testng.SuiteRunnerWorker.runSuite(SuiteRunnerWorker.java:52)
at org.testng.SuiteRunnerWorker.run(SuiteRunnerWorker.java:84)
at org.testng.TestNG.runSuitesSequentially(TestNG.java:1208)
at org.testng.TestNG.runSuitesLocally(TestNG.java:1137)
at org.testng.TestNG.runSuites(TestNG.java:1049)
at org.testng.TestNG.run(TestNG.java:1017)
at org.testng.remote.AbstractRemoteTestNG.run(AbstractRemoteTestNG.java:115)
at org.testng.remote.RemoteTestNG.initAndRun(RemoteTestNG.java:251)
at org.testng.remote.RemoteTestNG.main(RemoteTestNG.java:77)
]]>
    </error>
  </testcase> <!-- beforeClass -->
</testsuite> <!-- com.nopcommerce.user.Level_04_Run_On_Multi_Browser -->
